[2022-02-03 06:39:53,635] {taskinstance.py:1032} INFO - Dependencies all met for <TaskInstance: data_ingestion_fhv_trips_gcs.download_fhv_data scheduled__2019-01-02T10:00:00+00:00 [queued]>
[2022-02-03 06:39:53,667] {taskinstance.py:1032} INFO - Dependencies all met for <TaskInstance: data_ingestion_fhv_trips_gcs.download_fhv_data scheduled__2019-01-02T10:00:00+00:00 [queued]>
[2022-02-03 06:39:53,668] {taskinstance.py:1238} INFO - 
--------------------------------------------------------------------------------
[2022-02-03 06:39:53,668] {taskinstance.py:1239} INFO - Starting attempt 1 of 2
[2022-02-03 06:39:53,668] {taskinstance.py:1240} INFO - 
--------------------------------------------------------------------------------
[2022-02-03 06:39:53,690] {taskinstance.py:1259} INFO - Executing <Task(BashOperator): download_fhv_data> on 2019-01-02 10:00:00+00:00
[2022-02-03 06:39:53,699] {standard_task_runner.py:52} INFO - Started process 224534 to run task
[2022-02-03 06:39:53,717] {standard_task_runner.py:76} INFO - Running: ['***', 'tasks', 'run', 'data_ingestion_fhv_trips_gcs', 'download_fhv_data', 'scheduled__2019-01-02T10:00:00+00:00', '--job-id', '11', '--raw', '--subdir', 'DAGS_FOLDER/dags_new/FHV.py', '--cfg-path', '/tmp/tmpj_2vnh_c', '--error-file', '/tmp/tmpzedsa8y3']
[2022-02-03 06:39:53,719] {standard_task_runner.py:77} INFO - Job 11: Subtask download_fhv_data
[2022-02-03 06:39:53,872] {logging_mixin.py:109} INFO - Running <TaskInstance: data_ingestion_fhv_trips_gcs.download_fhv_data scheduled__2019-01-02T10:00:00+00:00 [running]> on host 06e89db705ad
[2022-02-03 06:39:54,049] {taskinstance.py:1426} INFO - Exporting the following env vars:
AIRFLOW_CTX_DAG_OWNER=***
AIRFLOW_CTX_DAG_ID=data_ingestion_fhv_trips_gcs
AIRFLOW_CTX_TASK_ID=download_fhv_data
AIRFLOW_CTX_EXECUTION_DATE=2019-01-02T10:00:00+00:00
AIRFLOW_CTX_DAG_RUN_ID=scheduled__2019-01-02T10:00:00+00:00
[2022-02-03 06:39:54,051] {subprocess.py:62} INFO - Tmp dir root location: 
 /tmp
[2022-02-03 06:39:54,051] {subprocess.py:74} INFO - Running command: ['bash', '-c', 'curl -sSLf https://nyc-tlc.s3.amazonaws.com/trip+data/fhv_tripdata_2019-01.csv > /opt/***/fhv_tripdata_2019-01.csv']
[2022-02-03 06:39:54,100] {subprocess.py:85} INFO - Output:
[2022-02-03 06:43:45,525] {subprocess.py:93} INFO - Command exited with return code 0
[2022-02-03 06:43:45,692] {taskinstance.py:1277} INFO - Marking task as SUCCESS. dag_id=data_ingestion_fhv_trips_gcs, task_id=download_fhv_data, execution_date=20190102T100000, start_date=20220203T063953, end_date=20220203T064345
[2022-02-03 06:43:45,776] {local_task_job.py:154} INFO - Task exited with return code 0
[2022-02-03 06:43:45,885] {local_task_job.py:264} INFO - 1 downstream tasks scheduled from follow-on schedule check
