[2022-02-03 06:39:50,868] {taskinstance.py:1032} INFO - Dependencies all met for <TaskInstance: data_ingestion_zones_lookup_gcs.download_zones_data scheduled__2022-02-02T00:00:00+00:00 [queued]>
[2022-02-03 06:39:50,887] {taskinstance.py:1032} INFO - Dependencies all met for <TaskInstance: data_ingestion_zones_lookup_gcs.download_zones_data scheduled__2022-02-02T00:00:00+00:00 [queued]>
[2022-02-03 06:39:50,887] {taskinstance.py:1238} INFO - 
--------------------------------------------------------------------------------
[2022-02-03 06:39:50,888] {taskinstance.py:1239} INFO - Starting attempt 1 of 2
[2022-02-03 06:39:50,888] {taskinstance.py:1240} INFO - 
--------------------------------------------------------------------------------
[2022-02-03 06:39:50,915] {taskinstance.py:1259} INFO - Executing <Task(BashOperator): download_zones_data> on 2022-02-02 00:00:00+00:00
[2022-02-03 06:39:50,923] {standard_task_runner.py:52} INFO - Started process 224511 to run task
[2022-02-03 06:39:50,936] {standard_task_runner.py:76} INFO - Running: ['***', 'tasks', 'run', 'data_ingestion_zones_lookup_gcs', 'download_zones_data', 'scheduled__2022-02-02T00:00:00+00:00', '--job-id', '7', '--raw', '--subdir', 'DAGS_FOLDER/dags_new/zones.py', '--cfg-path', '/tmp/tmp9s6_ltc8', '--error-file', '/tmp/tmpivobxumj']
[2022-02-03 06:39:50,937] {standard_task_runner.py:77} INFO - Job 7: Subtask download_zones_data
[2022-02-03 06:39:51,085] {logging_mixin.py:109} INFO - Running <TaskInstance: data_ingestion_zones_lookup_gcs.download_zones_data scheduled__2022-02-02T00:00:00+00:00 [running]> on host 06e89db705ad
[2022-02-03 06:39:51,267] {taskinstance.py:1426} INFO - Exporting the following env vars:
AIRFLOW_CTX_DAG_OWNER=***
AIRFLOW_CTX_DAG_ID=data_ingestion_zones_lookup_gcs
AIRFLOW_CTX_TASK_ID=download_zones_data
AIRFLOW_CTX_EXECUTION_DATE=2022-02-02T00:00:00+00:00
AIRFLOW_CTX_DAG_RUN_ID=scheduled__2022-02-02T00:00:00+00:00
[2022-02-03 06:39:51,269] {subprocess.py:62} INFO - Tmp dir root location: 
 /tmp
[2022-02-03 06:39:51,269] {subprocess.py:74} INFO - Running command: ['bash', '-c', 'curl -sSLf https://s3.amazonaws.com/nyc-tlc/misc/taxi+_zone_lookup.csv > /opt/***/zone_lookup.csv']
[2022-02-03 06:39:51,315] {subprocess.py:85} INFO - Output:
[2022-02-03 06:39:51,853] {subprocess.py:93} INFO - Command exited with return code 0
[2022-02-03 06:39:51,918] {taskinstance.py:1277} INFO - Marking task as SUCCESS. dag_id=data_ingestion_zones_lookup_gcs, task_id=download_zones_data, execution_date=20220202T000000, start_date=20220203T063950, end_date=20220203T063951
[2022-02-03 06:39:52,014] {local_task_job.py:154} INFO - Task exited with return code 0
[2022-02-03 06:39:52,167] {local_task_job.py:264} INFO - 1 downstream tasks scheduled from follow-on schedule check
