[2022-02-03 06:40:01,130] {taskinstance.py:1032} INFO - Dependencies all met for <TaskInstance: data_ingestion_fhv_trips_gcs.format_to_parquet scheduled__2019-02-02T10:00:00+00:00 [queued]>
[2022-02-03 06:40:01,159] {taskinstance.py:1032} INFO - Dependencies all met for <TaskInstance: data_ingestion_fhv_trips_gcs.format_to_parquet scheduled__2019-02-02T10:00:00+00:00 [queued]>
[2022-02-03 06:40:01,160] {taskinstance.py:1238} INFO - 
--------------------------------------------------------------------------------
[2022-02-03 06:40:01,160] {taskinstance.py:1239} INFO - Starting attempt 1 of 2
[2022-02-03 06:40:01,160] {taskinstance.py:1240} INFO - 
--------------------------------------------------------------------------------
[2022-02-03 06:40:01,216] {taskinstance.py:1259} INFO - Executing <Task(PythonOperator): format_to_parquet> on 2019-02-02 10:00:00+00:00
[2022-02-03 06:40:01,242] {standard_task_runner.py:52} INFO - Started process 224567 to run task
[2022-02-03 06:40:01,263] {standard_task_runner.py:76} INFO - Running: ['***', 'tasks', 'run', 'data_ingestion_fhv_trips_gcs', 'format_to_parquet', 'scheduled__2019-02-02T10:00:00+00:00', '--job-id', '17', '--raw', '--subdir', 'DAGS_FOLDER/dags_new/FHV.py', '--cfg-path', '/tmp/tmp3oartehz', '--error-file', '/tmp/tmpsnzq6zgz']
[2022-02-03 06:40:01,265] {standard_task_runner.py:77} INFO - Job 17: Subtask format_to_parquet
[2022-02-03 06:40:01,511] {logging_mixin.py:109} INFO - Running <TaskInstance: data_ingestion_fhv_trips_gcs.format_to_parquet scheduled__2019-02-02T10:00:00+00:00 [running]> on host 06e89db705ad
[2022-02-03 06:40:01,681] {taskinstance.py:1426} INFO - Exporting the following env vars:
AIRFLOW_CTX_DAG_OWNER=***
AIRFLOW_CTX_DAG_ID=data_ingestion_fhv_trips_gcs
AIRFLOW_CTX_TASK_ID=format_to_parquet
AIRFLOW_CTX_EXECUTION_DATE=2019-02-02T10:00:00+00:00
AIRFLOW_CTX_DAG_RUN_ID=scheduled__2019-02-02T10:00:00+00:00
[2022-02-03 06:40:04,773] {python.py:175} INFO - Done. Returned value was: None
[2022-02-03 06:40:04,898] {taskinstance.py:1277} INFO - Marking task as SUCCESS. dag_id=data_ingestion_fhv_trips_gcs, task_id=format_to_parquet, execution_date=20190202T100000, start_date=20220203T064001, end_date=20220203T064004
[2022-02-03 06:40:05,007] {local_task_job.py:154} INFO - Task exited with return code 0
[2022-02-03 06:40:05,092] {local_task_job.py:264} INFO - 1 downstream tasks scheduled from follow-on schedule check
