[2022-02-03 06:34:43,902] {processor.py:163} INFO - Started process (PID=293210) to work on /opt/airflow/dags/dags_new/zones.py
[2022-02-03 06:34:43,904] {processor.py:642} INFO - Processing file /opt/airflow/dags/dags_new/zones.py for tasks to queue
[2022-02-03 06:34:43,905] {logging_mixin.py:109} INFO - [2022-02-03 06:34:43,905] {dagbag.py:500} INFO - Filling up the DagBag from /opt/airflow/dags/dags_new/zones.py
[2022-02-03 06:34:44,392] {processor.py:654} INFO - DAG(s) dict_keys(['data_ingestion_zones_lookup_gcs']) retrieved from /opt/airflow/dags/dags_new/zones.py
[2022-02-03 06:34:46,523] {logging_mixin.py:109} INFO - [2022-02-03 06:34:46,523] {manager.py:496} INFO - Created Permission View: can read on DAG:data_ingestion_zones_lookup_gcs
[2022-02-03 06:34:46,532] {logging_mixin.py:109} INFO - [2022-02-03 06:34:46,532] {manager.py:496} INFO - Created Permission View: can edit on DAG:data_ingestion_zones_lookup_gcs
[2022-02-03 06:34:46,532] {logging_mixin.py:109} INFO - [2022-02-03 06:34:46,532] {dag.py:2396} INFO - Sync 1 DAGs
[2022-02-03 06:34:46,542] {logging_mixin.py:109} INFO - [2022-02-03 06:34:46,541] {dag.py:2415} INFO - Creating ORM DAG for data_ingestion_zones_lookup_gcs
[2022-02-03 06:34:46,550] {logging_mixin.py:109} INFO - [2022-02-03 06:34:46,549] {dag.py:2935} INFO - Setting next_dagrun for data_ingestion_zones_lookup_gcs to 2022-02-02T00:00:00+00:00
[2022-02-03 06:34:46,563] {processor.py:171} INFO - Processing /opt/airflow/dags/dags_new/zones.py took 2.666 seconds
[2022-02-03 06:35:17,090] {processor.py:163} INFO - Started process (PID=293251) to work on /opt/airflow/dags/dags_new/zones.py
[2022-02-03 06:35:17,092] {processor.py:642} INFO - Processing file /opt/airflow/dags/dags_new/zones.py for tasks to queue
[2022-02-03 06:35:17,093] {logging_mixin.py:109} INFO - [2022-02-03 06:35:17,093] {dagbag.py:500} INFO - Filling up the DagBag from /opt/airflow/dags/dags_new/zones.py
[2022-02-03 06:35:17,508] {processor.py:654} INFO - DAG(s) dict_keys(['data_ingestion_zones_lookup_gcs']) retrieved from /opt/airflow/dags/dags_new/zones.py
[2022-02-03 06:35:17,518] {logging_mixin.py:109} INFO - [2022-02-03 06:35:17,517] {dag.py:2396} INFO - Sync 1 DAGs
[2022-02-03 06:35:17,534] {logging_mixin.py:109} INFO - [2022-02-03 06:35:17,534] {dag.py:2935} INFO - Setting next_dagrun for data_ingestion_zones_lookup_gcs to 2022-02-02T00:00:00+00:00
[2022-02-03 06:35:17,543] {processor.py:171} INFO - Processing /opt/airflow/dags/dags_new/zones.py took 0.458 seconds
[2022-02-03 06:35:47,664] {processor.py:163} INFO - Started process (PID=293302) to work on /opt/airflow/dags/dags_new/zones.py
[2022-02-03 06:35:47,667] {processor.py:642} INFO - Processing file /opt/airflow/dags/dags_new/zones.py for tasks to queue
[2022-02-03 06:35:47,668] {logging_mixin.py:109} INFO - [2022-02-03 06:35:47,667] {dagbag.py:500} INFO - Filling up the DagBag from /opt/airflow/dags/dags_new/zones.py
[2022-02-03 06:35:48,104] {processor.py:654} INFO - DAG(s) dict_keys(['data_ingestion_zones_lookup_gcs']) retrieved from /opt/airflow/dags/dags_new/zones.py
[2022-02-03 06:35:48,114] {logging_mixin.py:109} INFO - [2022-02-03 06:35:48,113] {dag.py:2396} INFO - Sync 1 DAGs
[2022-02-03 06:35:48,128] {logging_mixin.py:109} INFO - [2022-02-03 06:35:48,128] {dag.py:2935} INFO - Setting next_dagrun for data_ingestion_zones_lookup_gcs to 2022-02-02T00:00:00+00:00
[2022-02-03 06:35:48,137] {processor.py:171} INFO - Processing /opt/airflow/dags/dags_new/zones.py took 0.479 seconds
[2022-02-03 06:36:18,314] {processor.py:163} INFO - Started process (PID=293344) to work on /opt/airflow/dags/dags_new/zones.py
[2022-02-03 06:36:18,316] {processor.py:642} INFO - Processing file /opt/airflow/dags/dags_new/zones.py for tasks to queue
[2022-02-03 06:36:18,317] {logging_mixin.py:109} INFO - [2022-02-03 06:36:18,317] {dagbag.py:500} INFO - Filling up the DagBag from /opt/airflow/dags/dags_new/zones.py
[2022-02-03 06:36:18,656] {processor.py:654} INFO - DAG(s) dict_keys(['data_ingestion_zones_lookup_gcs']) retrieved from /opt/airflow/dags/dags_new/zones.py
[2022-02-03 06:36:18,672] {logging_mixin.py:109} INFO - [2022-02-03 06:36:18,672] {dag.py:2396} INFO - Sync 1 DAGs
[2022-02-03 06:36:18,692] {logging_mixin.py:109} INFO - [2022-02-03 06:36:18,692] {dag.py:2935} INFO - Setting next_dagrun for data_ingestion_zones_lookup_gcs to 2022-02-02T00:00:00+00:00
[2022-02-03 06:36:18,702] {processor.py:171} INFO - Processing /opt/airflow/dags/dags_new/zones.py took 0.394 seconds
[2022-02-03 06:36:48,839] {processor.py:163} INFO - Started process (PID=293384) to work on /opt/airflow/dags/dags_new/zones.py
[2022-02-03 06:36:48,841] {processor.py:642} INFO - Processing file /opt/airflow/dags/dags_new/zones.py for tasks to queue
[2022-02-03 06:36:48,842] {logging_mixin.py:109} INFO - [2022-02-03 06:36:48,842] {dagbag.py:500} INFO - Filling up the DagBag from /opt/airflow/dags/dags_new/zones.py
[2022-02-03 06:36:49,204] {processor.py:654} INFO - DAG(s) dict_keys(['data_ingestion_zones_lookup_gcs']) retrieved from /opt/airflow/dags/dags_new/zones.py
[2022-02-03 06:36:49,219] {logging_mixin.py:109} INFO - [2022-02-03 06:36:49,218] {dag.py:2396} INFO - Sync 1 DAGs
[2022-02-03 06:36:49,238] {logging_mixin.py:109} INFO - [2022-02-03 06:36:49,237] {dag.py:2935} INFO - Setting next_dagrun for data_ingestion_zones_lookup_gcs to 2022-02-02T00:00:00+00:00
[2022-02-03 06:36:49,247] {processor.py:171} INFO - Processing /opt/airflow/dags/dags_new/zones.py took 0.424 seconds
[2022-02-03 06:37:19,414] {processor.py:163} INFO - Started process (PID=293434) to work on /opt/airflow/dags/dags_new/zones.py
[2022-02-03 06:37:19,417] {processor.py:642} INFO - Processing file /opt/airflow/dags/dags_new/zones.py for tasks to queue
[2022-02-03 06:37:19,418] {logging_mixin.py:109} INFO - [2022-02-03 06:37:19,418] {dagbag.py:500} INFO - Filling up the DagBag from /opt/airflow/dags/dags_new/zones.py
[2022-02-03 06:37:19,685] {processor.py:654} INFO - DAG(s) dict_keys(['data_ingestion_zones_lookup_gcs']) retrieved from /opt/airflow/dags/dags_new/zones.py
[2022-02-03 06:37:19,700] {logging_mixin.py:109} INFO - [2022-02-03 06:37:19,699] {dag.py:2396} INFO - Sync 1 DAGs
[2022-02-03 06:37:19,716] {logging_mixin.py:109} INFO - [2022-02-03 06:37:19,716] {dag.py:2935} INFO - Setting next_dagrun for data_ingestion_zones_lookup_gcs to 2022-02-02T00:00:00+00:00
[2022-02-03 06:37:19,725] {processor.py:171} INFO - Processing /opt/airflow/dags/dags_new/zones.py took 0.316 seconds
[2022-02-03 06:37:49,783] {processor.py:163} INFO - Started process (PID=293476) to work on /opt/airflow/dags/dags_new/zones.py
[2022-02-03 06:37:49,785] {processor.py:642} INFO - Processing file /opt/airflow/dags/dags_new/zones.py for tasks to queue
[2022-02-03 06:37:49,786] {logging_mixin.py:109} INFO - [2022-02-03 06:37:49,786] {dagbag.py:500} INFO - Filling up the DagBag from /opt/airflow/dags/dags_new/zones.py
[2022-02-03 06:37:50,107] {processor.py:654} INFO - DAG(s) dict_keys(['data_ingestion_zones_lookup_gcs']) retrieved from /opt/airflow/dags/dags_new/zones.py
[2022-02-03 06:37:50,118] {logging_mixin.py:109} INFO - [2022-02-03 06:37:50,117] {dag.py:2396} INFO - Sync 1 DAGs
[2022-02-03 06:37:50,135] {logging_mixin.py:109} INFO - [2022-02-03 06:37:50,134] {dag.py:2935} INFO - Setting next_dagrun for data_ingestion_zones_lookup_gcs to 2022-02-02T00:00:00+00:00
[2022-02-03 06:37:50,145] {processor.py:171} INFO - Processing /opt/airflow/dags/dags_new/zones.py took 0.368 seconds
[2022-02-03 06:38:20,351] {processor.py:163} INFO - Started process (PID=293527) to work on /opt/airflow/dags/dags_new/zones.py
[2022-02-03 06:38:20,354] {processor.py:642} INFO - Processing file /opt/airflow/dags/dags_new/zones.py for tasks to queue
[2022-02-03 06:38:20,355] {logging_mixin.py:109} INFO - [2022-02-03 06:38:20,355] {dagbag.py:500} INFO - Filling up the DagBag from /opt/airflow/dags/dags_new/zones.py
[2022-02-03 06:38:20,648] {processor.py:654} INFO - DAG(s) dict_keys(['data_ingestion_zones_lookup_gcs']) retrieved from /opt/airflow/dags/dags_new/zones.py
[2022-02-03 06:38:20,660] {logging_mixin.py:109} INFO - [2022-02-03 06:38:20,659] {dag.py:2396} INFO - Sync 1 DAGs
[2022-02-03 06:38:20,686] {logging_mixin.py:109} INFO - [2022-02-03 06:38:20,685] {dag.py:2935} INFO - Setting next_dagrun for data_ingestion_zones_lookup_gcs to 2022-02-02T00:00:00+00:00
[2022-02-03 06:38:20,698] {processor.py:171} INFO - Processing /opt/airflow/dags/dags_new/zones.py took 0.353 seconds
[2022-02-03 06:38:50,872] {processor.py:163} INFO - Started process (PID=293567) to work on /opt/airflow/dags/dags_new/zones.py
[2022-02-03 06:38:50,873] {processor.py:642} INFO - Processing file /opt/airflow/dags/dags_new/zones.py for tasks to queue
[2022-02-03 06:38:50,874] {logging_mixin.py:109} INFO - [2022-02-03 06:38:50,874] {dagbag.py:500} INFO - Filling up the DagBag from /opt/airflow/dags/dags_new/zones.py
[2022-02-03 06:38:51,154] {processor.py:654} INFO - DAG(s) dict_keys(['data_ingestion_zones_lookup_gcs']) retrieved from /opt/airflow/dags/dags_new/zones.py
[2022-02-03 06:38:51,165] {logging_mixin.py:109} INFO - [2022-02-03 06:38:51,165] {dag.py:2396} INFO - Sync 1 DAGs
[2022-02-03 06:38:51,182] {logging_mixin.py:109} INFO - [2022-02-03 06:38:51,182] {dag.py:2935} INFO - Setting next_dagrun for data_ingestion_zones_lookup_gcs to 2022-02-02T00:00:00+00:00
[2022-02-03 06:38:51,191] {processor.py:171} INFO - Processing /opt/airflow/dags/dags_new/zones.py took 0.324 seconds
[2022-02-03 06:39:21,300] {processor.py:163} INFO - Started process (PID=293608) to work on /opt/airflow/dags/dags_new/zones.py
[2022-02-03 06:39:21,302] {processor.py:642} INFO - Processing file /opt/airflow/dags/dags_new/zones.py for tasks to queue
[2022-02-03 06:39:21,303] {logging_mixin.py:109} INFO - [2022-02-03 06:39:21,303] {dagbag.py:500} INFO - Filling up the DagBag from /opt/airflow/dags/dags_new/zones.py
[2022-02-03 06:39:21,594] {processor.py:654} INFO - DAG(s) dict_keys(['data_ingestion_zones_lookup_gcs']) retrieved from /opt/airflow/dags/dags_new/zones.py
[2022-02-03 06:39:21,605] {logging_mixin.py:109} INFO - [2022-02-03 06:39:21,605] {dag.py:2396} INFO - Sync 1 DAGs
[2022-02-03 06:39:21,622] {logging_mixin.py:109} INFO - [2022-02-03 06:39:21,621] {dag.py:2935} INFO - Setting next_dagrun for data_ingestion_zones_lookup_gcs to 2022-02-02T00:00:00+00:00
[2022-02-03 06:39:21,635] {processor.py:171} INFO - Processing /opt/airflow/dags/dags_new/zones.py took 0.340 seconds
[2022-02-03 06:39:51,702] {processor.py:163} INFO - Started process (PID=293655) to work on /opt/airflow/dags/dags_new/zones.py
[2022-02-03 06:39:51,704] {processor.py:642} INFO - Processing file /opt/airflow/dags/dags_new/zones.py for tasks to queue
[2022-02-03 06:39:51,705] {logging_mixin.py:109} INFO - [2022-02-03 06:39:51,705] {dagbag.py:500} INFO - Filling up the DagBag from /opt/airflow/dags/dags_new/zones.py
[2022-02-03 06:39:52,246] {processor.py:654} INFO - DAG(s) dict_keys(['data_ingestion_zones_lookup_gcs']) retrieved from /opt/airflow/dags/dags_new/zones.py
[2022-02-03 06:39:52,268] {logging_mixin.py:109} INFO - [2022-02-03 06:39:52,267] {dag.py:2396} INFO - Sync 1 DAGs
[2022-02-03 06:39:52,318] {processor.py:171} INFO - Processing /opt/airflow/dags/dags_new/zones.py took 0.622 seconds
[2022-02-03 06:40:22,862] {processor.py:163} INFO - Started process (PID=293698) to work on /opt/airflow/dags/dags_new/zones.py
[2022-02-03 06:40:24,705] {processor.py:642} INFO - Processing file /opt/airflow/dags/dags_new/zones.py for tasks to queue
[2022-02-03 06:40:25,197] {logging_mixin.py:109} INFO - [2022-02-03 06:40:25,196] {dagbag.py:500} INFO - Filling up the DagBag from /opt/airflow/dags/dags_new/zones.py
[2022-02-03 06:40:26,178] {processor.py:654} INFO - DAG(s) dict_keys(['data_ingestion_zones_lookup_gcs']) retrieved from /opt/airflow/dags/dags_new/zones.py
[2022-02-03 06:40:26,192] {logging_mixin.py:109} INFO - [2022-02-03 06:40:26,191] {dag.py:2396} INFO - Sync 1 DAGs
[2022-02-03 06:40:26,347] {processor.py:171} INFO - Processing /opt/airflow/dags/dags_new/zones.py took 3.490 seconds
[2022-02-03 06:40:56,832] {processor.py:163} INFO - Started process (PID=293742) to work on /opt/airflow/dags/dags_new/zones.py
[2022-02-03 06:40:56,834] {processor.py:642} INFO - Processing file /opt/airflow/dags/dags_new/zones.py for tasks to queue
[2022-02-03 06:40:56,835] {logging_mixin.py:109} INFO - [2022-02-03 06:40:56,834] {dagbag.py:500} INFO - Filling up the DagBag from /opt/airflow/dags/dags_new/zones.py
[2022-02-03 06:40:57,421] {processor.py:654} INFO - DAG(s) dict_keys(['data_ingestion_zones_lookup_gcs']) retrieved from /opt/airflow/dags/dags_new/zones.py
[2022-02-03 06:40:57,511] {logging_mixin.py:109} INFO - [2022-02-03 06:40:57,510] {dag.py:2396} INFO - Sync 1 DAGs
[2022-02-03 06:40:58,105] {processor.py:171} INFO - Processing /opt/airflow/dags/dags_new/zones.py took 1.290 seconds
[2022-02-03 06:41:29,076] {processor.py:163} INFO - Started process (PID=293772) to work on /opt/airflow/dags/dags_new/zones.py
[2022-02-03 06:41:29,405] {processor.py:642} INFO - Processing file /opt/airflow/dags/dags_new/zones.py for tasks to queue
[2022-02-03 06:41:29,406] {logging_mixin.py:109} INFO - [2022-02-03 06:41:29,406] {dagbag.py:500} INFO - Filling up the DagBag from /opt/airflow/dags/dags_new/zones.py
[2022-02-03 06:41:36,421] {processor.py:654} INFO - DAG(s) dict_keys(['data_ingestion_zones_lookup_gcs']) retrieved from /opt/airflow/dags/dags_new/zones.py
[2022-02-03 06:41:36,432] {logging_mixin.py:109} INFO - [2022-02-03 06:41:36,432] {dag.py:2396} INFO - Sync 1 DAGs
[2022-02-03 06:41:36,560] {processor.py:171} INFO - Processing /opt/airflow/dags/dags_new/zones.py took 7.496 seconds
[2022-02-03 06:42:07,369] {processor.py:163} INFO - Started process (PID=293819) to work on /opt/airflow/dags/dags_new/zones.py
[2022-02-03 06:42:08,139] {processor.py:642} INFO - Processing file /opt/airflow/dags/dags_new/zones.py for tasks to queue
[2022-02-03 06:42:08,140] {logging_mixin.py:109} INFO - [2022-02-03 06:42:08,140] {dagbag.py:500} INFO - Filling up the DagBag from /opt/airflow/dags/dags_new/zones.py
[2022-02-03 06:42:08,567] {processor.py:654} INFO - DAG(s) dict_keys(['data_ingestion_zones_lookup_gcs']) retrieved from /opt/airflow/dags/dags_new/zones.py
[2022-02-03 06:42:08,583] {logging_mixin.py:109} INFO - [2022-02-03 06:42:08,582] {dag.py:2396} INFO - Sync 1 DAGs
[2022-02-03 06:42:09,290] {processor.py:171} INFO - Processing /opt/airflow/dags/dags_new/zones.py took 1.926 seconds
[2022-02-03 06:42:40,043] {processor.py:163} INFO - Started process (PID=293860) to work on /opt/airflow/dags/dags_new/zones.py
[2022-02-03 06:42:42,258] {processor.py:642} INFO - Processing file /opt/airflow/dags/dags_new/zones.py for tasks to queue
[2022-02-03 06:42:42,437] {logging_mixin.py:109} INFO - [2022-02-03 06:42:42,437] {dagbag.py:500} INFO - Filling up the DagBag from /opt/airflow/dags/dags_new/zones.py
[2022-02-03 06:42:42,784] {processor.py:654} INFO - DAG(s) dict_keys(['data_ingestion_zones_lookup_gcs']) retrieved from /opt/airflow/dags/dags_new/zones.py
[2022-02-03 06:42:42,798] {logging_mixin.py:109} INFO - [2022-02-03 06:42:42,798] {dag.py:2396} INFO - Sync 1 DAGs
[2022-02-03 06:42:43,100] {processor.py:171} INFO - Processing /opt/airflow/dags/dags_new/zones.py took 3.063 seconds
[2022-02-03 06:43:13,956] {processor.py:163} INFO - Started process (PID=293890) to work on /opt/airflow/dags/dags_new/zones.py
[2022-02-03 06:43:15,962] {processor.py:642} INFO - Processing file /opt/airflow/dags/dags_new/zones.py for tasks to queue
[2022-02-03 06:43:15,964] {logging_mixin.py:109} INFO - [2022-02-03 06:43:15,963] {dagbag.py:500} INFO - Filling up the DagBag from /opt/airflow/dags/dags_new/zones.py
[2022-02-03 06:43:16,418] {processor.py:654} INFO - DAG(s) dict_keys(['data_ingestion_zones_lookup_gcs']) retrieved from /opt/airflow/dags/dags_new/zones.py
[2022-02-03 06:43:16,523] {logging_mixin.py:109} INFO - [2022-02-03 06:43:16,523] {dag.py:2396} INFO - Sync 1 DAGs
[2022-02-03 06:43:17,520] {processor.py:171} INFO - Processing /opt/airflow/dags/dags_new/zones.py took 3.570 seconds
[2022-02-03 06:43:47,651] {processor.py:163} INFO - Started process (PID=293931) to work on /opt/airflow/dags/dags_new/zones.py
[2022-02-03 06:43:47,667] {processor.py:642} INFO - Processing file /opt/airflow/dags/dags_new/zones.py for tasks to queue
[2022-02-03 06:43:47,668] {logging_mixin.py:109} INFO - [2022-02-03 06:43:47,668] {dagbag.py:500} INFO - Filling up the DagBag from /opt/airflow/dags/dags_new/zones.py
[2022-02-03 06:43:47,998] {processor.py:654} INFO - DAG(s) dict_keys(['data_ingestion_zones_lookup_gcs']) retrieved from /opt/airflow/dags/dags_new/zones.py
[2022-02-03 06:43:48,013] {logging_mixin.py:109} INFO - [2022-02-03 06:43:48,013] {dag.py:2396} INFO - Sync 1 DAGs
[2022-02-03 06:43:48,253] {processor.py:171} INFO - Processing /opt/airflow/dags/dags_new/zones.py took 0.608 seconds
[2022-02-03 06:44:19,059] {processor.py:163} INFO - Started process (PID=293972) to work on /opt/airflow/dags/dags_new/zones.py
[2022-02-03 06:44:19,064] {processor.py:642} INFO - Processing file /opt/airflow/dags/dags_new/zones.py for tasks to queue
[2022-02-03 06:44:19,065] {logging_mixin.py:109} INFO - [2022-02-03 06:44:19,065] {dagbag.py:500} INFO - Filling up the DagBag from /opt/airflow/dags/dags_new/zones.py
[2022-02-03 06:44:19,366] {processor.py:654} INFO - DAG(s) dict_keys(['data_ingestion_zones_lookup_gcs']) retrieved from /opt/airflow/dags/dags_new/zones.py
[2022-02-03 06:44:19,387] {logging_mixin.py:109} INFO - [2022-02-03 06:44:19,386] {dag.py:2396} INFO - Sync 1 DAGs
[2022-02-03 06:44:19,582] {processor.py:171} INFO - Processing /opt/airflow/dags/dags_new/zones.py took 0.528 seconds
[2022-02-03 06:44:50,418] {processor.py:163} INFO - Started process (PID=294025) to work on /opt/airflow/dags/dags_new/zones.py
[2022-02-03 06:44:50,423] {processor.py:642} INFO - Processing file /opt/airflow/dags/dags_new/zones.py for tasks to queue
[2022-02-03 06:44:50,424] {logging_mixin.py:109} INFO - [2022-02-03 06:44:50,424] {dagbag.py:500} INFO - Filling up the DagBag from /opt/airflow/dags/dags_new/zones.py
[2022-02-03 06:44:50,813] {processor.py:654} INFO - DAG(s) dict_keys(['data_ingestion_zones_lookup_gcs']) retrieved from /opt/airflow/dags/dags_new/zones.py
[2022-02-03 06:44:50,997] {logging_mixin.py:109} INFO - [2022-02-03 06:44:50,997] {dag.py:2396} INFO - Sync 1 DAGs
[2022-02-03 06:44:51,035] {processor.py:171} INFO - Processing /opt/airflow/dags/dags_new/zones.py took 0.623 seconds
[2022-02-03 06:45:22,044] {processor.py:163} INFO - Started process (PID=294066) to work on /opt/airflow/dags/dags_new/zones.py
[2022-02-03 06:45:22,072] {processor.py:642} INFO - Processing file /opt/airflow/dags/dags_new/zones.py for tasks to queue
[2022-02-03 06:45:22,073] {logging_mixin.py:109} INFO - [2022-02-03 06:45:22,073] {dagbag.py:500} INFO - Filling up the DagBag from /opt/airflow/dags/dags_new/zones.py
[2022-02-03 06:45:22,367] {processor.py:654} INFO - DAG(s) dict_keys(['data_ingestion_zones_lookup_gcs']) retrieved from /opt/airflow/dags/dags_new/zones.py
[2022-02-03 06:45:22,506] {logging_mixin.py:109} INFO - [2022-02-03 06:45:22,506] {dag.py:2396} INFO - Sync 1 DAGs
[2022-02-03 06:45:22,522] {logging_mixin.py:109} INFO - [2022-02-03 06:45:22,522] {dag.py:2935} INFO - Setting next_dagrun for data_ingestion_zones_lookup_gcs to None
[2022-02-03 06:45:22,835] {processor.py:171} INFO - Processing /opt/airflow/dags/dags_new/zones.py took 0.795 seconds
