[2022-02-03 06:43:47,241] {taskinstance.py:1032} INFO - Dependencies all met for <TaskInstance: data_ingestion_fhv_trips_gcs.format_to_parquet scheduled__2019-01-02T10:00:00+00:00 [queued]>
[2022-02-03 06:43:47,254] {taskinstance.py:1032} INFO - Dependencies all met for <TaskInstance: data_ingestion_fhv_trips_gcs.format_to_parquet scheduled__2019-01-02T10:00:00+00:00 [queued]>
[2022-02-03 06:43:47,254] {taskinstance.py:1238} INFO - 
--------------------------------------------------------------------------------
[2022-02-03 06:43:47,254] {taskinstance.py:1239} INFO - Starting attempt 1 of 2
[2022-02-03 06:43:47,254] {taskinstance.py:1240} INFO - 
--------------------------------------------------------------------------------
[2022-02-03 06:43:47,274] {taskinstance.py:1259} INFO - Executing <Task(PythonOperator): format_to_parquet> on 2019-01-02 10:00:00+00:00
[2022-02-03 06:43:47,281] {standard_task_runner.py:52} INFO - Started process 224742 to run task
[2022-02-03 06:43:47,286] {standard_task_runner.py:76} INFO - Running: ['***', 'tasks', 'run', 'data_ingestion_fhv_trips_gcs', 'format_to_parquet', 'scheduled__2019-01-02T10:00:00+00:00', '--job-id', '23', '--raw', '--subdir', 'DAGS_FOLDER/dags_new/FHV.py', '--cfg-path', '/tmp/tmpzagroz62', '--error-file', '/tmp/tmp6uh7jlq6']
[2022-02-03 06:43:47,287] {standard_task_runner.py:77} INFO - Job 23: Subtask format_to_parquet
[2022-02-03 06:43:47,384] {logging_mixin.py:109} INFO - Running <TaskInstance: data_ingestion_fhv_trips_gcs.format_to_parquet scheduled__2019-01-02T10:00:00+00:00 [running]> on host 06e89db705ad
[2022-02-03 06:43:47,490] {taskinstance.py:1426} INFO - Exporting the following env vars:
AIRFLOW_CTX_DAG_OWNER=***
AIRFLOW_CTX_DAG_ID=data_ingestion_fhv_trips_gcs
AIRFLOW_CTX_TASK_ID=format_to_parquet
AIRFLOW_CTX_EXECUTION_DATE=2019-01-02T10:00:00+00:00
AIRFLOW_CTX_DAG_RUN_ID=scheduled__2019-01-02T10:00:00+00:00
[2022-02-03 06:44:16,304] {python.py:175} INFO - Done. Returned value was: None
[2022-02-03 06:44:17,445] {taskinstance.py:1277} INFO - Marking task as SUCCESS. dag_id=data_ingestion_fhv_trips_gcs, task_id=format_to_parquet, execution_date=20190102T100000, start_date=20220203T064347, end_date=20220203T064417
[2022-02-03 06:44:18,177] {local_task_job.py:212} WARNING - State of this instance has been externally set to success. Terminating instance.
[2022-02-03 06:44:18,179] {process_utils.py:124} INFO - Sending Signals.SIGTERM to group 224742. PIDs of all processes in the group: [224742]
[2022-02-03 06:44:18,179] {process_utils.py:75} INFO - Sending the signal Signals.SIGTERM to group 224742
[2022-02-03 06:44:18,396] {process_utils.py:70} INFO - Process psutil.Process(pid=224742, status='terminated', exitcode=0, started='06:43:46') (224742) terminated with exit code 0
