[2022-02-03 06:40:29,744] {taskinstance.py:1032} INFO - Dependencies all met for <TaskInstance: data_ingestion_gcs_dag_v02.format_to_parquet_task scheduled__2019-02-02T05:00:00+00:00 [queued]>
[2022-02-03 06:40:29,757] {taskinstance.py:1032} INFO - Dependencies all met for <TaskInstance: data_ingestion_gcs_dag_v02.format_to_parquet_task scheduled__2019-02-02T05:00:00+00:00 [queued]>
[2022-02-03 06:40:29,757] {taskinstance.py:1238} INFO - 
--------------------------------------------------------------------------------
[2022-02-03 06:40:29,757] {taskinstance.py:1239} INFO - Starting attempt 1 of 2
[2022-02-03 06:40:29,757] {taskinstance.py:1240} INFO - 
--------------------------------------------------------------------------------
[2022-02-03 06:40:29,845] {taskinstance.py:1259} INFO - Executing <Task(PythonOperator): format_to_parquet_task> on 2019-02-02 05:00:00+00:00
[2022-02-03 06:40:29,854] {standard_task_runner.py:52} INFO - Started process 224608 to run task
[2022-02-03 06:40:29,861] {standard_task_runner.py:76} INFO - Running: ['***', 'tasks', 'run', 'data_ingestion_gcs_dag_v02', 'format_to_parquet_task', 'scheduled__2019-02-02T05:00:00+00:00', '--job-id', '21', '--raw', '--subdir', 'DAGS_FOLDER/dags_new/trips.py', '--cfg-path', '/tmp/tmpi1mv6xg5', '--error-file', '/tmp/tmp6t3ks84m']
[2022-02-03 06:40:29,862] {standard_task_runner.py:77} INFO - Job 21: Subtask format_to_parquet_task
[2022-02-03 06:40:30,141] {logging_mixin.py:109} INFO - Running <TaskInstance: data_ingestion_gcs_dag_v02.format_to_parquet_task scheduled__2019-02-02T05:00:00+00:00 [running]> on host 06e89db705ad
[2022-02-03 06:40:31,852] {taskinstance.py:1426} INFO - Exporting the following env vars:
AIRFLOW_CTX_DAG_OWNER=***
AIRFLOW_CTX_DAG_ID=data_ingestion_gcs_dag_v02
AIRFLOW_CTX_TASK_ID=format_to_parquet_task
AIRFLOW_CTX_EXECUTION_DATE=2019-02-02T05:00:00+00:00
AIRFLOW_CTX_DAG_RUN_ID=scheduled__2019-02-02T05:00:00+00:00
[2022-02-03 06:43:37,614] {python.py:175} INFO - Done. Returned value was: None
[2022-02-03 06:43:37,662] {taskinstance.py:1277} INFO - Marking task as SUCCESS. dag_id=data_ingestion_gcs_dag_v02, task_id=format_to_parquet_task, execution_date=20190202T050000, start_date=20220203T064029, end_date=20220203T064337
[2022-02-03 06:43:38,455] {local_task_job.py:154} INFO - Task exited with return code 0
[2022-02-03 06:43:39,511] {local_task_job.py:264} INFO - 1 downstream tasks scheduled from follow-on schedule check
