[2022-02-03 06:34:46,620] {processor.py:163} INFO - Started process (PID=293220) to work on /opt/airflow/dags/dags_new/FHV.py
[2022-02-03 06:34:46,622] {processor.py:642} INFO - Processing file /opt/airflow/dags/dags_new/FHV.py for tasks to queue
[2022-02-03 06:34:46,623] {logging_mixin.py:109} INFO - [2022-02-03 06:34:46,623] {dagbag.py:500} INFO - Filling up the DagBag from /opt/airflow/dags/dags_new/FHV.py
[2022-02-03 06:34:47,070] {processor.py:654} INFO - DAG(s) dict_keys(['data_ingestion_fhv_trips_gcs']) retrieved from /opt/airflow/dags/dags_new/FHV.py
[2022-02-03 06:34:48,786] {logging_mixin.py:109} INFO - [2022-02-03 06:34:48,786] {manager.py:496} INFO - Created Permission View: can read on DAG:data_ingestion_fhv_trips_gcs
[2022-02-03 06:34:48,796] {logging_mixin.py:109} INFO - [2022-02-03 06:34:48,796] {manager.py:496} INFO - Created Permission View: can edit on DAG:data_ingestion_fhv_trips_gcs
[2022-02-03 06:34:48,796] {logging_mixin.py:109} INFO - [2022-02-03 06:34:48,796] {dag.py:2396} INFO - Sync 1 DAGs
[2022-02-03 06:34:48,805] {logging_mixin.py:109} INFO - [2022-02-03 06:34:48,804] {dag.py:2415} INFO - Creating ORM DAG for data_ingestion_fhv_trips_gcs
[2022-02-03 06:34:48,814] {logging_mixin.py:109} INFO - [2022-02-03 06:34:48,814] {dag.py:2935} INFO - Setting next_dagrun for data_ingestion_fhv_trips_gcs to 2019-01-02 10:00:00+00:00
[2022-02-03 06:34:48,829] {processor.py:171} INFO - Processing /opt/airflow/dags/dags_new/FHV.py took 2.227 seconds
[2022-02-03 06:35:19,141] {processor.py:163} INFO - Started process (PID=293261) to work on /opt/airflow/dags/dags_new/FHV.py
[2022-02-03 06:35:19,142] {processor.py:642} INFO - Processing file /opt/airflow/dags/dags_new/FHV.py for tasks to queue
[2022-02-03 06:35:19,143] {logging_mixin.py:109} INFO - [2022-02-03 06:35:19,143] {dagbag.py:500} INFO - Filling up the DagBag from /opt/airflow/dags/dags_new/FHV.py
[2022-02-03 06:35:19,555] {processor.py:654} INFO - DAG(s) dict_keys(['data_ingestion_fhv_trips_gcs']) retrieved from /opt/airflow/dags/dags_new/FHV.py
[2022-02-03 06:35:19,564] {logging_mixin.py:109} INFO - [2022-02-03 06:35:19,564] {dag.py:2396} INFO - Sync 1 DAGs
[2022-02-03 06:35:19,580] {logging_mixin.py:109} INFO - [2022-02-03 06:35:19,580] {dag.py:2935} INFO - Setting next_dagrun for data_ingestion_fhv_trips_gcs to 2019-01-02 10:00:00+00:00
[2022-02-03 06:35:19,589] {processor.py:171} INFO - Processing /opt/airflow/dags/dags_new/FHV.py took 0.453 seconds
[2022-02-03 06:35:49,783] {processor.py:163} INFO - Started process (PID=293312) to work on /opt/airflow/dags/dags_new/FHV.py
[2022-02-03 06:35:49,785] {processor.py:642} INFO - Processing file /opt/airflow/dags/dags_new/FHV.py for tasks to queue
[2022-02-03 06:35:49,786] {logging_mixin.py:109} INFO - [2022-02-03 06:35:49,785] {dagbag.py:500} INFO - Filling up the DagBag from /opt/airflow/dags/dags_new/FHV.py
[2022-02-03 06:35:50,173] {processor.py:654} INFO - DAG(s) dict_keys(['data_ingestion_fhv_trips_gcs']) retrieved from /opt/airflow/dags/dags_new/FHV.py
[2022-02-03 06:35:50,182] {logging_mixin.py:109} INFO - [2022-02-03 06:35:50,182] {dag.py:2396} INFO - Sync 1 DAGs
[2022-02-03 06:35:50,197] {logging_mixin.py:109} INFO - [2022-02-03 06:35:50,197] {dag.py:2935} INFO - Setting next_dagrun for data_ingestion_fhv_trips_gcs to 2019-01-02 10:00:00+00:00
[2022-02-03 06:35:50,206] {processor.py:171} INFO - Processing /opt/airflow/dags/dags_new/FHV.py took 0.427 seconds
[2022-02-03 06:36:20,510] {processor.py:163} INFO - Started process (PID=293354) to work on /opt/airflow/dags/dags_new/FHV.py
[2022-02-03 06:36:20,513] {processor.py:642} INFO - Processing file /opt/airflow/dags/dags_new/FHV.py for tasks to queue
[2022-02-03 06:36:20,513] {logging_mixin.py:109} INFO - [2022-02-03 06:36:20,513] {dagbag.py:500} INFO - Filling up the DagBag from /opt/airflow/dags/dags_new/FHV.py
[2022-02-03 06:36:20,909] {processor.py:654} INFO - DAG(s) dict_keys(['data_ingestion_fhv_trips_gcs']) retrieved from /opt/airflow/dags/dags_new/FHV.py
[2022-02-03 06:36:20,920] {logging_mixin.py:109} INFO - [2022-02-03 06:36:20,920] {dag.py:2396} INFO - Sync 1 DAGs
[2022-02-03 06:36:20,936] {logging_mixin.py:109} INFO - [2022-02-03 06:36:20,936] {dag.py:2935} INFO - Setting next_dagrun for data_ingestion_fhv_trips_gcs to 2019-01-02 10:00:00+00:00
[2022-02-03 06:36:20,945] {processor.py:171} INFO - Processing /opt/airflow/dags/dags_new/FHV.py took 0.440 seconds
[2022-02-03 06:36:51,279] {processor.py:163} INFO - Started process (PID=293402) to work on /opt/airflow/dags/dags_new/FHV.py
[2022-02-03 06:36:51,281] {processor.py:642} INFO - Processing file /opt/airflow/dags/dags_new/FHV.py for tasks to queue
[2022-02-03 06:36:51,282] {logging_mixin.py:109} INFO - [2022-02-03 06:36:51,281] {dagbag.py:500} INFO - Filling up the DagBag from /opt/airflow/dags/dags_new/FHV.py
[2022-02-03 06:36:51,690] {processor.py:654} INFO - DAG(s) dict_keys(['data_ingestion_fhv_trips_gcs']) retrieved from /opt/airflow/dags/dags_new/FHV.py
[2022-02-03 06:36:51,699] {logging_mixin.py:109} INFO - [2022-02-03 06:36:51,698] {dag.py:2396} INFO - Sync 1 DAGs
[2022-02-03 06:36:51,715] {logging_mixin.py:109} INFO - [2022-02-03 06:36:51,715] {dag.py:2935} INFO - Setting next_dagrun for data_ingestion_fhv_trips_gcs to 2019-01-02 10:00:00+00:00
[2022-02-03 06:36:51,724] {processor.py:171} INFO - Processing /opt/airflow/dags/dags_new/FHV.py took 0.452 seconds
[2022-02-03 06:37:21,753] {processor.py:163} INFO - Started process (PID=293439) to work on /opt/airflow/dags/dags_new/FHV.py
[2022-02-03 06:37:21,756] {processor.py:642} INFO - Processing file /opt/airflow/dags/dags_new/FHV.py for tasks to queue
[2022-02-03 06:37:21,757] {logging_mixin.py:109} INFO - [2022-02-03 06:37:21,756] {dagbag.py:500} INFO - Filling up the DagBag from /opt/airflow/dags/dags_new/FHV.py
[2022-02-03 06:37:22,150] {processor.py:654} INFO - DAG(s) dict_keys(['data_ingestion_fhv_trips_gcs']) retrieved from /opt/airflow/dags/dags_new/FHV.py
[2022-02-03 06:37:22,160] {logging_mixin.py:109} INFO - [2022-02-03 06:37:22,159] {dag.py:2396} INFO - Sync 1 DAGs
[2022-02-03 06:37:22,175] {logging_mixin.py:109} INFO - [2022-02-03 06:37:22,175] {dag.py:2935} INFO - Setting next_dagrun for data_ingestion_fhv_trips_gcs to 2019-01-02 10:00:00+00:00
[2022-02-03 06:37:22,184] {processor.py:171} INFO - Processing /opt/airflow/dags/dags_new/FHV.py took 0.436 seconds
[2022-02-03 06:37:52,982] {processor.py:163} INFO - Started process (PID=293491) to work on /opt/airflow/dags/dags_new/FHV.py
[2022-02-03 06:37:52,984] {processor.py:642} INFO - Processing file /opt/airflow/dags/dags_new/FHV.py for tasks to queue
[2022-02-03 06:37:52,985] {logging_mixin.py:109} INFO - [2022-02-03 06:37:52,985] {dagbag.py:500} INFO - Filling up the DagBag from /opt/airflow/dags/dags_new/FHV.py
[2022-02-03 06:37:53,536] {processor.py:654} INFO - DAG(s) dict_keys(['data_ingestion_fhv_trips_gcs']) retrieved from /opt/airflow/dags/dags_new/FHV.py
[2022-02-03 06:37:53,548] {logging_mixin.py:109} INFO - [2022-02-03 06:37:53,548] {dag.py:2396} INFO - Sync 1 DAGs
[2022-02-03 06:37:53,572] {logging_mixin.py:109} INFO - [2022-02-03 06:37:53,572] {dag.py:2935} INFO - Setting next_dagrun for data_ingestion_fhv_trips_gcs to 2019-01-02 10:00:00+00:00
[2022-02-03 06:37:53,584] {processor.py:171} INFO - Processing /opt/airflow/dags/dags_new/FHV.py took 0.608 seconds
[2022-02-03 06:38:23,733] {processor.py:163} INFO - Started process (PID=293532) to work on /opt/airflow/dags/dags_new/FHV.py
[2022-02-03 06:38:23,735] {processor.py:642} INFO - Processing file /opt/airflow/dags/dags_new/FHV.py for tasks to queue
[2022-02-03 06:38:23,736] {logging_mixin.py:109} INFO - [2022-02-03 06:38:23,736] {dagbag.py:500} INFO - Filling up the DagBag from /opt/airflow/dags/dags_new/FHV.py
[2022-02-03 06:38:24,119] {processor.py:654} INFO - DAG(s) dict_keys(['data_ingestion_fhv_trips_gcs']) retrieved from /opt/airflow/dags/dags_new/FHV.py
[2022-02-03 06:38:24,128] {logging_mixin.py:109} INFO - [2022-02-03 06:38:24,128] {dag.py:2396} INFO - Sync 1 DAGs
[2022-02-03 06:38:24,150] {logging_mixin.py:109} INFO - [2022-02-03 06:38:24,149] {dag.py:2935} INFO - Setting next_dagrun for data_ingestion_fhv_trips_gcs to 2019-01-02 10:00:00+00:00
[2022-02-03 06:38:24,161] {processor.py:171} INFO - Processing /opt/airflow/dags/dags_new/FHV.py took 0.433 seconds
[2022-02-03 06:38:54,221] {processor.py:163} INFO - Started process (PID=293572) to work on /opt/airflow/dags/dags_new/FHV.py
[2022-02-03 06:38:54,224] {processor.py:642} INFO - Processing file /opt/airflow/dags/dags_new/FHV.py for tasks to queue
[2022-02-03 06:38:54,224] {logging_mixin.py:109} INFO - [2022-02-03 06:38:54,224] {dagbag.py:500} INFO - Filling up the DagBag from /opt/airflow/dags/dags_new/FHV.py
[2022-02-03 06:38:54,621] {processor.py:654} INFO - DAG(s) dict_keys(['data_ingestion_fhv_trips_gcs']) retrieved from /opt/airflow/dags/dags_new/FHV.py
[2022-02-03 06:38:54,630] {logging_mixin.py:109} INFO - [2022-02-03 06:38:54,630] {dag.py:2396} INFO - Sync 1 DAGs
[2022-02-03 06:38:54,647] {logging_mixin.py:109} INFO - [2022-02-03 06:38:54,647] {dag.py:2935} INFO - Setting next_dagrun for data_ingestion_fhv_trips_gcs to 2019-01-02 10:00:00+00:00
[2022-02-03 06:38:54,657] {processor.py:171} INFO - Processing /opt/airflow/dags/dags_new/FHV.py took 0.441 seconds
[2022-02-03 06:39:25,452] {processor.py:163} INFO - Started process (PID=293624) to work on /opt/airflow/dags/dags_new/FHV.py
[2022-02-03 06:39:25,453] {processor.py:642} INFO - Processing file /opt/airflow/dags/dags_new/FHV.py for tasks to queue
[2022-02-03 06:39:25,454] {logging_mixin.py:109} INFO - [2022-02-03 06:39:25,454] {dagbag.py:500} INFO - Filling up the DagBag from /opt/airflow/dags/dags_new/FHV.py
[2022-02-03 06:39:25,892] {processor.py:654} INFO - DAG(s) dict_keys(['data_ingestion_fhv_trips_gcs']) retrieved from /opt/airflow/dags/dags_new/FHV.py
[2022-02-03 06:39:25,900] {logging_mixin.py:109} INFO - [2022-02-03 06:39:25,900] {dag.py:2396} INFO - Sync 1 DAGs
[2022-02-03 06:39:25,916] {logging_mixin.py:109} INFO - [2022-02-03 06:39:25,916] {dag.py:2935} INFO - Setting next_dagrun for data_ingestion_fhv_trips_gcs to 2019-01-02 10:00:00+00:00
[2022-02-03 06:39:25,925] {processor.py:171} INFO - Processing /opt/airflow/dags/dags_new/FHV.py took 0.478 seconds
[2022-02-03 06:39:56,338] {processor.py:163} INFO - Started process (PID=293668) to work on /opt/airflow/dags/dags_new/FHV.py
[2022-02-03 06:39:56,340] {processor.py:642} INFO - Processing file /opt/airflow/dags/dags_new/FHV.py for tasks to queue
[2022-02-03 06:39:56,341] {logging_mixin.py:109} INFO - [2022-02-03 06:39:56,341] {dagbag.py:500} INFO - Filling up the DagBag from /opt/airflow/dags/dags_new/FHV.py
[2022-02-03 06:39:57,035] {processor.py:654} INFO - DAG(s) dict_keys(['data_ingestion_fhv_trips_gcs']) retrieved from /opt/airflow/dags/dags_new/FHV.py
[2022-02-03 06:39:57,050] {logging_mixin.py:109} INFO - [2022-02-03 06:39:57,049] {dag.py:2396} INFO - Sync 1 DAGs
[2022-02-03 06:39:57,076] {processor.py:171} INFO - Processing /opt/airflow/dags/dags_new/FHV.py took 0.745 seconds
[2022-02-03 06:40:27,156] {processor.py:163} INFO - Started process (PID=293712) to work on /opt/airflow/dags/dags_new/FHV.py
[2022-02-03 06:40:27,170] {processor.py:642} INFO - Processing file /opt/airflow/dags/dags_new/FHV.py for tasks to queue
[2022-02-03 06:40:27,171] {logging_mixin.py:109} INFO - [2022-02-03 06:40:27,171] {dagbag.py:500} INFO - Filling up the DagBag from /opt/airflow/dags/dags_new/FHV.py
[2022-02-03 06:40:27,713] {processor.py:654} INFO - DAG(s) dict_keys(['data_ingestion_fhv_trips_gcs']) retrieved from /opt/airflow/dags/dags_new/FHV.py
[2022-02-03 06:40:27,722] {logging_mixin.py:109} INFO - [2022-02-03 06:40:27,722] {dag.py:2396} INFO - Sync 1 DAGs
[2022-02-03 06:40:29,587] {processor.py:171} INFO - Processing /opt/airflow/dags/dags_new/FHV.py took 2.436 seconds
[2022-02-03 06:41:00,173] {processor.py:163} INFO - Started process (PID=293752) to work on /opt/airflow/dags/dags_new/FHV.py
[2022-02-03 06:41:00,308] {processor.py:642} INFO - Processing file /opt/airflow/dags/dags_new/FHV.py for tasks to queue
[2022-02-03 06:41:00,309] {logging_mixin.py:109} INFO - [2022-02-03 06:41:00,309] {dagbag.py:500} INFO - Filling up the DagBag from /opt/airflow/dags/dags_new/FHV.py
[2022-02-03 06:41:01,334] {processor.py:654} INFO - DAG(s) dict_keys(['data_ingestion_fhv_trips_gcs']) retrieved from /opt/airflow/dags/dags_new/FHV.py
[2022-02-03 06:41:01,461] {logging_mixin.py:109} INFO - [2022-02-03 06:41:01,456] {dag.py:2396} INFO - Sync 1 DAGs
[2022-02-03 06:41:01,983] {processor.py:171} INFO - Processing /opt/airflow/dags/dags_new/FHV.py took 1.835 seconds
[2022-02-03 06:41:36,581] {processor.py:163} INFO - Started process (PID=293790) to work on /opt/airflow/dags/dags_new/FHV.py
[2022-02-03 06:41:36,629] {processor.py:642} INFO - Processing file /opt/airflow/dags/dags_new/FHV.py for tasks to queue
[2022-02-03 06:41:36,630] {logging_mixin.py:109} INFO - [2022-02-03 06:41:36,630] {dagbag.py:500} INFO - Filling up the DagBag from /opt/airflow/dags/dags_new/FHV.py
[2022-02-03 06:41:37,938] {processor.py:654} INFO - DAG(s) dict_keys(['data_ingestion_fhv_trips_gcs']) retrieved from /opt/airflow/dags/dags_new/FHV.py
[2022-02-03 06:41:37,950] {logging_mixin.py:109} INFO - [2022-02-03 06:41:37,949] {dag.py:2396} INFO - Sync 1 DAGs
[2022-02-03 06:41:38,228] {processor.py:171} INFO - Processing /opt/airflow/dags/dags_new/FHV.py took 1.651 seconds
[2022-02-03 06:42:08,377] {processor.py:163} INFO - Started process (PID=293820) to work on /opt/airflow/dags/dags_new/FHV.py
[2022-02-03 06:42:08,534] {processor.py:642} INFO - Processing file /opt/airflow/dags/dags_new/FHV.py for tasks to queue
[2022-02-03 06:42:08,535] {logging_mixin.py:109} INFO - [2022-02-03 06:42:08,535] {dagbag.py:500} INFO - Filling up the DagBag from /opt/airflow/dags/dags_new/FHV.py
[2022-02-03 06:42:08,962] {processor.py:654} INFO - DAG(s) dict_keys(['data_ingestion_fhv_trips_gcs']) retrieved from /opt/airflow/dags/dags_new/FHV.py
[2022-02-03 06:42:08,972] {logging_mixin.py:109} INFO - [2022-02-03 06:42:08,971] {dag.py:2396} INFO - Sync 1 DAGs
[2022-02-03 06:42:09,290] {processor.py:171} INFO - Processing /opt/airflow/dags/dags_new/FHV.py took 0.918 seconds
[2022-02-03 06:42:40,053] {processor.py:163} INFO - Started process (PID=293861) to work on /opt/airflow/dags/dags_new/FHV.py
[2022-02-03 06:42:42,256] {processor.py:642} INFO - Processing file /opt/airflow/dags/dags_new/FHV.py for tasks to queue
[2022-02-03 06:42:42,436] {logging_mixin.py:109} INFO - [2022-02-03 06:42:42,436] {dagbag.py:500} INFO - Filling up the DagBag from /opt/airflow/dags/dags_new/FHV.py
[2022-02-03 06:42:42,961] {processor.py:654} INFO - DAG(s) dict_keys(['data_ingestion_fhv_trips_gcs']) retrieved from /opt/airflow/dags/dags_new/FHV.py
[2022-02-03 06:42:43,101] {logging_mixin.py:109} INFO - [2022-02-03 06:42:43,101] {dag.py:2396} INFO - Sync 1 DAGs
[2022-02-03 06:42:45,330] {processor.py:171} INFO - Processing /opt/airflow/dags/dags_new/FHV.py took 5.283 seconds
[2022-02-03 06:43:15,997] {processor.py:163} INFO - Started process (PID=293902) to work on /opt/airflow/dags/dags_new/FHV.py
[2022-02-03 06:43:17,377] {processor.py:642} INFO - Processing file /opt/airflow/dags/dags_new/FHV.py for tasks to queue
[2022-02-03 06:43:17,500] {logging_mixin.py:109} INFO - [2022-02-03 06:43:17,500] {dagbag.py:500} INFO - Filling up the DagBag from /opt/airflow/dags/dags_new/FHV.py
[2022-02-03 06:43:18,151] {processor.py:654} INFO - DAG(s) dict_keys(['data_ingestion_fhv_trips_gcs']) retrieved from /opt/airflow/dags/dags_new/FHV.py
[2022-02-03 06:43:18,164] {logging_mixin.py:109} INFO - [2022-02-03 06:43:18,163] {dag.py:2396} INFO - Sync 1 DAGs
[2022-02-03 06:43:21,573] {processor.py:171} INFO - Processing /opt/airflow/dags/dags_new/FHV.py took 5.582 seconds
[2022-02-03 06:43:52,020] {processor.py:163} INFO - Started process (PID=293938) to work on /opt/airflow/dags/dags_new/FHV.py
[2022-02-03 06:43:52,064] {processor.py:642} INFO - Processing file /opt/airflow/dags/dags_new/FHV.py for tasks to queue
[2022-02-03 06:43:52,066] {logging_mixin.py:109} INFO - [2022-02-03 06:43:52,065] {dagbag.py:500} INFO - Filling up the DagBag from /opt/airflow/dags/dags_new/FHV.py
[2022-02-03 06:43:52,603] {processor.py:654} INFO - DAG(s) dict_keys(['data_ingestion_fhv_trips_gcs']) retrieved from /opt/airflow/dags/dags_new/FHV.py
[2022-02-03 06:43:52,616] {logging_mixin.py:109} INFO - [2022-02-03 06:43:52,615] {dag.py:2396} INFO - Sync 1 DAGs
[2022-02-03 06:43:52,691] {processor.py:171} INFO - Processing /opt/airflow/dags/dags_new/FHV.py took 0.677 seconds
[2022-02-03 06:44:23,174] {processor.py:163} INFO - Started process (PID=293987) to work on /opt/airflow/dags/dags_new/FHV.py
[2022-02-03 06:44:23,728] {processor.py:642} INFO - Processing file /opt/airflow/dags/dags_new/FHV.py for tasks to queue
[2022-02-03 06:44:23,729] {logging_mixin.py:109} INFO - [2022-02-03 06:44:23,729] {dagbag.py:500} INFO - Filling up the DagBag from /opt/airflow/dags/dags_new/FHV.py
[2022-02-03 06:44:24,198] {processor.py:654} INFO - DAG(s) dict_keys(['data_ingestion_fhv_trips_gcs']) retrieved from /opt/airflow/dags/dags_new/FHV.py
[2022-02-03 06:44:24,207] {logging_mixin.py:109} INFO - [2022-02-03 06:44:24,206] {dag.py:2396} INFO - Sync 1 DAGs
[2022-02-03 06:44:24,230] {processor.py:171} INFO - Processing /opt/airflow/dags/dags_new/FHV.py took 1.061 seconds
[2022-02-03 06:44:54,436] {processor.py:163} INFO - Started process (PID=294030) to work on /opt/airflow/dags/dags_new/FHV.py
[2022-02-03 06:44:54,438] {processor.py:642} INFO - Processing file /opt/airflow/dags/dags_new/FHV.py for tasks to queue
[2022-02-03 06:44:54,439] {logging_mixin.py:109} INFO - [2022-02-03 06:44:54,439] {dagbag.py:500} INFO - Filling up the DagBag from /opt/airflow/dags/dags_new/FHV.py
[2022-02-03 06:44:54,955] {processor.py:654} INFO - DAG(s) dict_keys(['data_ingestion_fhv_trips_gcs']) retrieved from /opt/airflow/dags/dags_new/FHV.py
[2022-02-03 06:44:54,964] {logging_mixin.py:109} INFO - [2022-02-03 06:44:54,964] {dag.py:2396} INFO - Sync 1 DAGs
[2022-02-03 06:44:54,993] {processor.py:171} INFO - Processing /opt/airflow/dags/dags_new/FHV.py took 0.563 seconds
