[2022-02-03 06:34:43,907] {processor.py:163} INFO - Started process (PID=293211) to work on /opt/airflow/dags/dags_new/trips.py
[2022-02-03 06:34:43,908] {processor.py:642} INFO - Processing file /opt/airflow/dags/dags_new/trips.py for tasks to queue
[2022-02-03 06:34:43,910] {logging_mixin.py:109} INFO - [2022-02-03 06:34:43,909] {dagbag.py:500} INFO - Filling up the DagBag from /opt/airflow/dags/dags_new/trips.py
[2022-02-03 06:34:45,200] {processor.py:654} INFO - DAG(s) dict_keys(['data_ingestion_gcs_dag_v02']) retrieved from /opt/airflow/dags/dags_new/trips.py
[2022-02-03 06:34:46,855] {logging_mixin.py:109} INFO - [2022-02-03 06:34:46,854] {manager.py:496} INFO - Created Permission View: can read on DAG:data_ingestion_gcs_dag_v02
[2022-02-03 06:34:46,866] {logging_mixin.py:109} INFO - [2022-02-03 06:34:46,866] {manager.py:496} INFO - Created Permission View: can edit on DAG:data_ingestion_gcs_dag_v02
[2022-02-03 06:34:46,866] {logging_mixin.py:109} INFO - [2022-02-03 06:34:46,866] {dag.py:2396} INFO - Sync 1 DAGs
[2022-02-03 06:34:46,877] {logging_mixin.py:109} INFO - [2022-02-03 06:34:46,877] {dag.py:2415} INFO - Creating ORM DAG for data_ingestion_gcs_dag_v02
[2022-02-03 06:34:46,891] {logging_mixin.py:109} INFO - [2022-02-03 06:34:46,891] {dag.py:2935} INFO - Setting next_dagrun for data_ingestion_gcs_dag_v02 to 2019-01-02 05:00:00+00:00
[2022-02-03 06:34:46,908] {processor.py:171} INFO - Processing /opt/airflow/dags/dags_new/trips.py took 3.007 seconds
[2022-02-03 06:35:17,096] {processor.py:163} INFO - Started process (PID=293252) to work on /opt/airflow/dags/dags_new/trips.py
[2022-02-03 06:35:17,098] {processor.py:642} INFO - Processing file /opt/airflow/dags/dags_new/trips.py for tasks to queue
[2022-02-03 06:35:17,099] {logging_mixin.py:109} INFO - [2022-02-03 06:35:17,099] {dagbag.py:500} INFO - Filling up the DagBag from /opt/airflow/dags/dags_new/trips.py
[2022-02-03 06:35:18,075] {processor.py:654} INFO - DAG(s) dict_keys(['data_ingestion_gcs_dag_v02']) retrieved from /opt/airflow/dags/dags_new/trips.py
[2022-02-03 06:35:18,085] {logging_mixin.py:109} INFO - [2022-02-03 06:35:18,084] {dag.py:2396} INFO - Sync 1 DAGs
[2022-02-03 06:35:18,101] {logging_mixin.py:109} INFO - [2022-02-03 06:35:18,101] {dag.py:2935} INFO - Setting next_dagrun for data_ingestion_gcs_dag_v02 to 2019-01-02 05:00:00+00:00
[2022-02-03 06:35:18,111] {processor.py:171} INFO - Processing /opt/airflow/dags/dags_new/trips.py took 1.019 seconds
[2022-02-03 06:35:48,164] {processor.py:163} INFO - Started process (PID=293307) to work on /opt/airflow/dags/dags_new/trips.py
[2022-02-03 06:35:48,166] {processor.py:642} INFO - Processing file /opt/airflow/dags/dags_new/trips.py for tasks to queue
[2022-02-03 06:35:48,167] {logging_mixin.py:109} INFO - [2022-02-03 06:35:48,166] {dagbag.py:500} INFO - Filling up the DagBag from /opt/airflow/dags/dags_new/trips.py
[2022-02-03 06:35:49,061] {processor.py:654} INFO - DAG(s) dict_keys(['data_ingestion_gcs_dag_v02']) retrieved from /opt/airflow/dags/dags_new/trips.py
[2022-02-03 06:35:49,070] {logging_mixin.py:109} INFO - [2022-02-03 06:35:49,070] {dag.py:2396} INFO - Sync 1 DAGs
[2022-02-03 06:35:49,085] {logging_mixin.py:109} INFO - [2022-02-03 06:35:49,085] {dag.py:2935} INFO - Setting next_dagrun for data_ingestion_gcs_dag_v02 to 2019-01-02 05:00:00+00:00
[2022-02-03 06:35:49,094] {processor.py:171} INFO - Processing /opt/airflow/dags/dags_new/trips.py took 0.935 seconds
[2022-02-03 06:36:19,541] {processor.py:163} INFO - Started process (PID=293349) to work on /opt/airflow/dags/dags_new/trips.py
[2022-02-03 06:36:19,544] {processor.py:642} INFO - Processing file /opt/airflow/dags/dags_new/trips.py for tasks to queue
[2022-02-03 06:36:19,545] {logging_mixin.py:109} INFO - [2022-02-03 06:36:19,545] {dagbag.py:500} INFO - Filling up the DagBag from /opt/airflow/dags/dags_new/trips.py
[2022-02-03 06:36:20,439] {processor.py:654} INFO - DAG(s) dict_keys(['data_ingestion_gcs_dag_v02']) retrieved from /opt/airflow/dags/dags_new/trips.py
[2022-02-03 06:36:20,449] {logging_mixin.py:109} INFO - [2022-02-03 06:36:20,448] {dag.py:2396} INFO - Sync 1 DAGs
[2022-02-03 06:36:20,466] {logging_mixin.py:109} INFO - [2022-02-03 06:36:20,466] {dag.py:2935} INFO - Setting next_dagrun for data_ingestion_gcs_dag_v02 to 2019-01-02 05:00:00+00:00
[2022-02-03 06:36:20,476] {processor.py:171} INFO - Processing /opt/airflow/dags/dags_new/trips.py took 0.940 seconds
[2022-02-03 06:36:50,916] {processor.py:163} INFO - Started process (PID=293398) to work on /opt/airflow/dags/dags_new/trips.py
[2022-02-03 06:36:50,917] {processor.py:642} INFO - Processing file /opt/airflow/dags/dags_new/trips.py for tasks to queue
[2022-02-03 06:36:50,918] {logging_mixin.py:109} INFO - [2022-02-03 06:36:50,918] {dagbag.py:500} INFO - Filling up the DagBag from /opt/airflow/dags/dags_new/trips.py
[2022-02-03 06:36:52,003] {processor.py:654} INFO - DAG(s) dict_keys(['data_ingestion_gcs_dag_v02']) retrieved from /opt/airflow/dags/dags_new/trips.py
[2022-02-03 06:36:52,014] {logging_mixin.py:109} INFO - [2022-02-03 06:36:52,013] {dag.py:2396} INFO - Sync 1 DAGs
[2022-02-03 06:36:52,031] {logging_mixin.py:109} INFO - [2022-02-03 06:36:52,030] {dag.py:2935} INFO - Setting next_dagrun for data_ingestion_gcs_dag_v02 to 2019-01-02 05:00:00+00:00
[2022-02-03 06:36:52,040] {processor.py:171} INFO - Processing /opt/airflow/dags/dags_new/trips.py took 1.130 seconds
[2022-02-03 06:37:22,220] {processor.py:163} INFO - Started process (PID=293444) to work on /opt/airflow/dags/dags_new/trips.py
[2022-02-03 06:37:22,224] {processor.py:642} INFO - Processing file /opt/airflow/dags/dags_new/trips.py for tasks to queue
[2022-02-03 06:37:22,225] {logging_mixin.py:109} INFO - [2022-02-03 06:37:22,225] {dagbag.py:500} INFO - Filling up the DagBag from /opt/airflow/dags/dags_new/trips.py
[2022-02-03 06:37:23,105] {processor.py:654} INFO - DAG(s) dict_keys(['data_ingestion_gcs_dag_v02']) retrieved from /opt/airflow/dags/dags_new/trips.py
[2022-02-03 06:37:23,114] {logging_mixin.py:109} INFO - [2022-02-03 06:37:23,114] {dag.py:2396} INFO - Sync 1 DAGs
[2022-02-03 06:37:23,130] {logging_mixin.py:109} INFO - [2022-02-03 06:37:23,130] {dag.py:2935} INFO - Setting next_dagrun for data_ingestion_gcs_dag_v02 to 2019-01-02 05:00:00+00:00
[2022-02-03 06:37:23,139] {processor.py:171} INFO - Processing /opt/airflow/dags/dags_new/trips.py took 0.924 seconds
[2022-02-03 06:37:53,182] {processor.py:163} INFO - Started process (PID=293496) to work on /opt/airflow/dags/dags_new/trips.py
[2022-02-03 06:37:53,184] {processor.py:642} INFO - Processing file /opt/airflow/dags/dags_new/trips.py for tasks to queue
[2022-02-03 06:37:53,185] {logging_mixin.py:109} INFO - [2022-02-03 06:37:53,184] {dagbag.py:500} INFO - Filling up the DagBag from /opt/airflow/dags/dags_new/trips.py
[2022-02-03 06:37:54,364] {processor.py:654} INFO - DAG(s) dict_keys(['data_ingestion_gcs_dag_v02']) retrieved from /opt/airflow/dags/dags_new/trips.py
[2022-02-03 06:37:54,373] {logging_mixin.py:109} INFO - [2022-02-03 06:37:54,373] {dag.py:2396} INFO - Sync 1 DAGs
[2022-02-03 06:37:54,388] {logging_mixin.py:109} INFO - [2022-02-03 06:37:54,388] {dag.py:2935} INFO - Setting next_dagrun for data_ingestion_gcs_dag_v02 to 2019-01-02 05:00:00+00:00
[2022-02-03 06:37:54,397] {processor.py:171} INFO - Processing /opt/airflow/dags/dags_new/trips.py took 1.221 seconds
[2022-02-03 06:38:24,740] {processor.py:163} INFO - Started process (PID=293537) to work on /opt/airflow/dags/dags_new/trips.py
[2022-02-03 06:38:24,742] {processor.py:642} INFO - Processing file /opt/airflow/dags/dags_new/trips.py for tasks to queue
[2022-02-03 06:38:24,742] {logging_mixin.py:109} INFO - [2022-02-03 06:38:24,742] {dagbag.py:500} INFO - Filling up the DagBag from /opt/airflow/dags/dags_new/trips.py
[2022-02-03 06:38:25,634] {processor.py:654} INFO - DAG(s) dict_keys(['data_ingestion_gcs_dag_v02']) retrieved from /opt/airflow/dags/dags_new/trips.py
[2022-02-03 06:38:25,644] {logging_mixin.py:109} INFO - [2022-02-03 06:38:25,643] {dag.py:2396} INFO - Sync 1 DAGs
[2022-02-03 06:38:25,660] {logging_mixin.py:109} INFO - [2022-02-03 06:38:25,660] {dag.py:2935} INFO - Setting next_dagrun for data_ingestion_gcs_dag_v02 to 2019-01-02 05:00:00+00:00
[2022-02-03 06:38:25,670] {processor.py:171} INFO - Processing /opt/airflow/dags/dags_new/trips.py took 0.934 seconds
[2022-02-03 06:38:56,231] {processor.py:163} INFO - Started process (PID=293577) to work on /opt/airflow/dags/dags_new/trips.py
[2022-02-03 06:38:56,233] {processor.py:642} INFO - Processing file /opt/airflow/dags/dags_new/trips.py for tasks to queue
[2022-02-03 06:38:56,234] {logging_mixin.py:109} INFO - [2022-02-03 06:38:56,234] {dagbag.py:500} INFO - Filling up the DagBag from /opt/airflow/dags/dags_new/trips.py
[2022-02-03 06:38:57,176] {processor.py:654} INFO - DAG(s) dict_keys(['data_ingestion_gcs_dag_v02']) retrieved from /opt/airflow/dags/dags_new/trips.py
[2022-02-03 06:38:57,186] {logging_mixin.py:109} INFO - [2022-02-03 06:38:57,185] {dag.py:2396} INFO - Sync 1 DAGs
[2022-02-03 06:38:57,203] {logging_mixin.py:109} INFO - [2022-02-03 06:38:57,202] {dag.py:2935} INFO - Setting next_dagrun for data_ingestion_gcs_dag_v02 to 2019-01-02 05:00:00+00:00
[2022-02-03 06:38:57,212] {processor.py:171} INFO - Processing /opt/airflow/dags/dags_new/trips.py took 0.986 seconds
[2022-02-03 06:39:27,672] {processor.py:163} INFO - Started process (PID=293629) to work on /opt/airflow/dags/dags_new/trips.py
[2022-02-03 06:39:27,674] {processor.py:642} INFO - Processing file /opt/airflow/dags/dags_new/trips.py for tasks to queue
[2022-02-03 06:39:27,674] {logging_mixin.py:109} INFO - [2022-02-03 06:39:27,674] {dagbag.py:500} INFO - Filling up the DagBag from /opt/airflow/dags/dags_new/trips.py
[2022-02-03 06:39:28,538] {processor.py:654} INFO - DAG(s) dict_keys(['data_ingestion_gcs_dag_v02']) retrieved from /opt/airflow/dags/dags_new/trips.py
[2022-02-03 06:39:28,547] {logging_mixin.py:109} INFO - [2022-02-03 06:39:28,547] {dag.py:2396} INFO - Sync 1 DAGs
[2022-02-03 06:39:28,563] {logging_mixin.py:109} INFO - [2022-02-03 06:39:28,563] {dag.py:2935} INFO - Setting next_dagrun for data_ingestion_gcs_dag_v02 to 2019-01-02 05:00:00+00:00
[2022-02-03 06:39:28,572] {processor.py:171} INFO - Processing /opt/airflow/dags/dags_new/trips.py took 0.905 seconds
[2022-02-03 06:39:58,802] {processor.py:163} INFO - Started process (PID=293673) to work on /opt/airflow/dags/dags_new/trips.py
[2022-02-03 06:39:58,805] {processor.py:642} INFO - Processing file /opt/airflow/dags/dags_new/trips.py for tasks to queue
[2022-02-03 06:39:58,806] {logging_mixin.py:109} INFO - [2022-02-03 06:39:58,806] {dagbag.py:500} INFO - Filling up the DagBag from /opt/airflow/dags/dags_new/trips.py
[2022-02-03 06:40:00,644] {processor.py:654} INFO - DAG(s) dict_keys(['data_ingestion_gcs_dag_v02']) retrieved from /opt/airflow/dags/dags_new/trips.py
[2022-02-03 06:40:00,666] {logging_mixin.py:109} INFO - [2022-02-03 06:40:00,665] {dag.py:2396} INFO - Sync 1 DAGs
[2022-02-03 06:40:00,725] {processor.py:171} INFO - Processing /opt/airflow/dags/dags_new/trips.py took 1.929 seconds
[2022-02-03 06:40:31,390] {processor.py:163} INFO - Started process (PID=293717) to work on /opt/airflow/dags/dags_new/trips.py
[2022-02-03 06:40:31,720] {processor.py:642} INFO - Processing file /opt/airflow/dags/dags_new/trips.py for tasks to queue
[2022-02-03 06:40:31,721] {logging_mixin.py:109} INFO - [2022-02-03 06:40:31,721] {dagbag.py:500} INFO - Filling up the DagBag from /opt/airflow/dags/dags_new/trips.py
[2022-02-03 06:40:32,821] {processor.py:654} INFO - DAG(s) dict_keys(['data_ingestion_gcs_dag_v02']) retrieved from /opt/airflow/dags/dags_new/trips.py
[2022-02-03 06:40:32,832] {logging_mixin.py:109} INFO - [2022-02-03 06:40:32,832] {dag.py:2396} INFO - Sync 1 DAGs
[2022-02-03 06:40:33,224] {processor.py:171} INFO - Processing /opt/airflow/dags/dags_new/trips.py took 1.843 seconds
[2022-02-03 06:41:03,286] {processor.py:163} INFO - Started process (PID=293757) to work on /opt/airflow/dags/dags_new/trips.py
[2022-02-03 06:41:04,230] {processor.py:642} INFO - Processing file /opt/airflow/dags/dags_new/trips.py for tasks to queue
[2022-02-03 06:41:04,230] {logging_mixin.py:109} INFO - [2022-02-03 06:41:04,230] {dagbag.py:500} INFO - Filling up the DagBag from /opt/airflow/dags/dags_new/trips.py
[2022-02-03 06:41:05,119] {processor.py:654} INFO - DAG(s) dict_keys(['data_ingestion_gcs_dag_v02']) retrieved from /opt/airflow/dags/dags_new/trips.py
[2022-02-03 06:41:05,128] {logging_mixin.py:109} INFO - [2022-02-03 06:41:05,128] {dag.py:2396} INFO - Sync 1 DAGs
[2022-02-03 06:41:05,617] {processor.py:171} INFO - Processing /opt/airflow/dags/dags_new/trips.py took 2.339 seconds
[2022-02-03 06:41:38,258] {processor.py:163} INFO - Started process (PID=293796) to work on /opt/airflow/dags/dags_new/trips.py
[2022-02-03 06:41:38,308] {processor.py:642} INFO - Processing file /opt/airflow/dags/dags_new/trips.py for tasks to queue
[2022-02-03 06:41:38,309] {logging_mixin.py:109} INFO - [2022-02-03 06:41:38,309] {dagbag.py:500} INFO - Filling up the DagBag from /opt/airflow/dags/dags_new/trips.py
[2022-02-03 06:41:50,945] {processor.py:654} INFO - DAG(s) dict_keys(['data_ingestion_gcs_dag_v02']) retrieved from /opt/airflow/dags/dags_new/trips.py
[2022-02-03 06:41:50,993] {logging_mixin.py:109} INFO - [2022-02-03 06:41:50,992] {dag.py:2396} INFO - Sync 1 DAGs
[2022-02-03 06:41:51,077] {processor.py:171} INFO - Processing /opt/airflow/dags/dags_new/trips.py took 12.825 seconds
[2022-02-03 06:42:21,474] {processor.py:163} INFO - Started process (PID=293840) to work on /opt/airflow/dags/dags_new/trips.py
[2022-02-03 06:42:23,477] {processor.py:642} INFO - Processing file /opt/airflow/dags/dags_new/trips.py for tasks to queue
[2022-02-03 06:42:23,478] {logging_mixin.py:109} INFO - [2022-02-03 06:42:23,478] {dagbag.py:500} INFO - Filling up the DagBag from /opt/airflow/dags/dags_new/trips.py
[2022-02-03 06:42:24,503] {processor.py:654} INFO - DAG(s) dict_keys(['data_ingestion_gcs_dag_v02']) retrieved from /opt/airflow/dags/dags_new/trips.py
[2022-02-03 06:42:24,512] {logging_mixin.py:109} INFO - [2022-02-03 06:42:24,512] {dag.py:2396} INFO - Sync 1 DAGs
[2022-02-03 06:42:27,887] {processor.py:171} INFO - Processing /opt/airflow/dags/dags_new/trips.py took 6.418 seconds
[2022-02-03 06:42:58,219] {processor.py:163} INFO - Started process (PID=293880) to work on /opt/airflow/dags/dags_new/trips.py
[2022-02-03 06:43:00,075] {processor.py:642} INFO - Processing file /opt/airflow/dags/dags_new/trips.py for tasks to queue
[2022-02-03 06:43:00,076] {logging_mixin.py:109} INFO - [2022-02-03 06:43:00,076] {dagbag.py:500} INFO - Filling up the DagBag from /opt/airflow/dags/dags_new/trips.py
[2022-02-03 06:43:01,073] {processor.py:654} INFO - DAG(s) dict_keys(['data_ingestion_gcs_dag_v02']) retrieved from /opt/airflow/dags/dags_new/trips.py
[2022-02-03 06:43:01,082] {logging_mixin.py:109} INFO - [2022-02-03 06:43:01,082] {dag.py:2396} INFO - Sync 1 DAGs
[2022-02-03 06:43:04,887] {processor.py:171} INFO - Processing /opt/airflow/dags/dags_new/trips.py took 6.673 seconds
[2022-02-03 06:43:35,634] {processor.py:163} INFO - Started process (PID=293916) to work on /opt/airflow/dags/dags_new/trips.py
[2022-02-03 06:43:35,686] {processor.py:642} INFO - Processing file /opt/airflow/dags/dags_new/trips.py for tasks to queue
[2022-02-03 06:43:35,689] {logging_mixin.py:109} INFO - [2022-02-03 06:43:35,689] {dagbag.py:500} INFO - Filling up the DagBag from /opt/airflow/dags/dags_new/trips.py
[2022-02-03 06:43:36,777] {processor.py:654} INFO - DAG(s) dict_keys(['data_ingestion_gcs_dag_v02']) retrieved from /opt/airflow/dags/dags_new/trips.py
[2022-02-03 06:43:36,791] {logging_mixin.py:109} INFO - [2022-02-03 06:43:36,790] {dag.py:2396} INFO - Sync 1 DAGs
[2022-02-03 06:43:36,921] {processor.py:171} INFO - Processing /opt/airflow/dags/dags_new/trips.py took 1.293 seconds
[2022-02-03 06:44:07,017] {processor.py:163} INFO - Started process (PID=293967) to work on /opt/airflow/dags/dags_new/trips.py
[2022-02-03 06:44:07,059] {processor.py:642} INFO - Processing file /opt/airflow/dags/dags_new/trips.py for tasks to queue
[2022-02-03 06:44:07,061] {logging_mixin.py:109} INFO - [2022-02-03 06:44:07,060] {dagbag.py:500} INFO - Filling up the DagBag from /opt/airflow/dags/dags_new/trips.py
[2022-02-03 06:44:08,976] {processor.py:654} INFO - DAG(s) dict_keys(['data_ingestion_gcs_dag_v02']) retrieved from /opt/airflow/dags/dags_new/trips.py
[2022-02-03 06:44:08,989] {logging_mixin.py:109} INFO - [2022-02-03 06:44:08,989] {dag.py:2396} INFO - Sync 1 DAGs
[2022-02-03 06:44:09,061] {processor.py:171} INFO - Processing /opt/airflow/dags/dags_new/trips.py took 2.050 seconds
[2022-02-03 06:44:39,302] {processor.py:163} INFO - Started process (PID=294004) to work on /opt/airflow/dags/dags_new/trips.py
[2022-02-03 06:44:39,304] {processor.py:642} INFO - Processing file /opt/airflow/dags/dags_new/trips.py for tasks to queue
[2022-02-03 06:44:39,305] {logging_mixin.py:109} INFO - [2022-02-03 06:44:39,305] {dagbag.py:500} INFO - Filling up the DagBag from /opt/airflow/dags/dags_new/trips.py
[2022-02-03 06:44:40,293] {processor.py:654} INFO - DAG(s) dict_keys(['data_ingestion_gcs_dag_v02']) retrieved from /opt/airflow/dags/dags_new/trips.py
[2022-02-03 06:44:40,303] {logging_mixin.py:109} INFO - [2022-02-03 06:44:40,302] {dag.py:2396} INFO - Sync 1 DAGs
[2022-02-03 06:44:40,329] {processor.py:171} INFO - Processing /opt/airflow/dags/dags_new/trips.py took 1.032 seconds
[2022-02-03 06:45:10,536] {processor.py:163} INFO - Started process (PID=294046) to work on /opt/airflow/dags/dags_new/trips.py
[2022-02-03 06:45:10,547] {processor.py:642} INFO - Processing file /opt/airflow/dags/dags_new/trips.py for tasks to queue
[2022-02-03 06:45:10,553] {logging_mixin.py:109} INFO - [2022-02-03 06:45:10,553] {dagbag.py:500} INFO - Filling up the DagBag from /opt/airflow/dags/dags_new/trips.py
[2022-02-03 06:45:11,602] {processor.py:654} INFO - DAG(s) dict_keys(['data_ingestion_gcs_dag_v02']) retrieved from /opt/airflow/dags/dags_new/trips.py
[2022-02-03 06:45:11,615] {logging_mixin.py:109} INFO - [2022-02-03 06:45:11,614] {dag.py:2396} INFO - Sync 1 DAGs
[2022-02-03 06:45:11,821] {processor.py:171} INFO - Processing /opt/airflow/dags/dags_new/trips.py took 1.291 seconds
