[2022-02-03 06:39:54,456] {taskinstance.py:1032} INFO - Dependencies all met for <TaskInstance: data_ingestion_fhv_trips_gcs.download_fhv_data scheduled__2019-02-02T10:00:00+00:00 [queued]>
[2022-02-03 06:39:54,473] {taskinstance.py:1032} INFO - Dependencies all met for <TaskInstance: data_ingestion_fhv_trips_gcs.download_fhv_data scheduled__2019-02-02T10:00:00+00:00 [queued]>
[2022-02-03 06:39:54,473] {taskinstance.py:1238} INFO - 
--------------------------------------------------------------------------------
[2022-02-03 06:39:54,473] {taskinstance.py:1239} INFO - Starting attempt 1 of 2
[2022-02-03 06:39:54,473] {taskinstance.py:1240} INFO - 
--------------------------------------------------------------------------------
[2022-02-03 06:39:54,496] {taskinstance.py:1259} INFO - Executing <Task(BashOperator): download_fhv_data> on 2019-02-02 10:00:00+00:00
[2022-02-03 06:39:54,503] {standard_task_runner.py:52} INFO - Started process 224546 to run task
[2022-02-03 06:39:54,525] {standard_task_runner.py:76} INFO - Running: ['***', 'tasks', 'run', 'data_ingestion_fhv_trips_gcs', 'download_fhv_data', 'scheduled__2019-02-02T10:00:00+00:00', '--job-id', '13', '--raw', '--subdir', 'DAGS_FOLDER/dags_new/FHV.py', '--cfg-path', '/tmp/tmpouj15jum', '--error-file', '/tmp/tmp6jv4vc0j']
[2022-02-03 06:39:54,526] {standard_task_runner.py:77} INFO - Job 13: Subtask download_fhv_data
[2022-02-03 06:39:54,612] {logging_mixin.py:109} INFO - Running <TaskInstance: data_ingestion_fhv_trips_gcs.download_fhv_data scheduled__2019-02-02T10:00:00+00:00 [running]> on host 06e89db705ad
[2022-02-03 06:39:54,710] {taskinstance.py:1426} INFO - Exporting the following env vars:
AIRFLOW_CTX_DAG_OWNER=***
AIRFLOW_CTX_DAG_ID=data_ingestion_fhv_trips_gcs
AIRFLOW_CTX_TASK_ID=download_fhv_data
AIRFLOW_CTX_EXECUTION_DATE=2019-02-02T10:00:00+00:00
AIRFLOW_CTX_DAG_RUN_ID=scheduled__2019-02-02T10:00:00+00:00
[2022-02-03 06:39:54,712] {subprocess.py:62} INFO - Tmp dir root location: 
 /tmp
[2022-02-03 06:39:54,713] {subprocess.py:74} INFO - Running command: ['bash', '-c', 'curl -sSLf https://nyc-tlc.s3.amazonaws.com/trip+data/fhv_tripdata_2019-02.csv > /opt/***/fhv_tripdata_2019-02.csv']
[2022-02-03 06:39:54,731] {subprocess.py:85} INFO - Output:
[2022-02-03 06:39:59,997] {subprocess.py:93} INFO - Command exited with return code 0
[2022-02-03 06:40:00,088] {taskinstance.py:1277} INFO - Marking task as SUCCESS. dag_id=data_ingestion_fhv_trips_gcs, task_id=download_fhv_data, execution_date=20190202T100000, start_date=20220203T063954, end_date=20220203T064000
[2022-02-03 06:40:00,167] {local_task_job.py:154} INFO - Task exited with return code 0
[2022-02-03 06:40:00,413] {local_task_job.py:264} INFO - 0 downstream tasks scheduled from follow-on schedule check
