[2022-02-03 06:40:31,793] {taskinstance.py:1032} INFO - Dependencies all met for <TaskInstance: data_ingestion_gcs_dag_v02.format_to_parquet_task scheduled__2019-03-02T05:00:00+00:00 [queued]>
[2022-02-03 06:40:31,805] {taskinstance.py:1032} INFO - Dependencies all met for <TaskInstance: data_ingestion_gcs_dag_v02.format_to_parquet_task scheduled__2019-03-02T05:00:00+00:00 [queued]>
[2022-02-03 06:40:31,805] {taskinstance.py:1238} INFO - 
--------------------------------------------------------------------------------
[2022-02-03 06:40:31,805] {taskinstance.py:1239} INFO - Starting attempt 1 of 2
[2022-02-03 06:40:31,805] {taskinstance.py:1240} INFO - 
--------------------------------------------------------------------------------
[2022-02-03 06:40:31,877] {taskinstance.py:1259} INFO - Executing <Task(PythonOperator): format_to_parquet_task> on 2019-03-02 05:00:00+00:00
[2022-02-03 06:40:31,886] {standard_task_runner.py:52} INFO - Started process 224610 to run task
[2022-02-03 06:40:31,906] {standard_task_runner.py:76} INFO - Running: ['***', 'tasks', 'run', 'data_ingestion_gcs_dag_v02', 'format_to_parquet_task', 'scheduled__2019-03-02T05:00:00+00:00', '--job-id', '22', '--raw', '--subdir', 'DAGS_FOLDER/dags_new/trips.py', '--cfg-path', '/tmp/tmpr8ks0lxr', '--error-file', '/tmp/tmpy9u0a_32']
[2022-02-03 06:40:31,909] {standard_task_runner.py:77} INFO - Job 22: Subtask format_to_parquet_task
[2022-02-03 06:40:32,544] {logging_mixin.py:109} INFO - Running <TaskInstance: data_ingestion_gcs_dag_v02.format_to_parquet_task scheduled__2019-03-02T05:00:00+00:00 [running]> on host 06e89db705ad
[2022-02-03 06:40:33,533] {taskinstance.py:1426} INFO - Exporting the following env vars:
AIRFLOW_CTX_DAG_OWNER=***
AIRFLOW_CTX_DAG_ID=data_ingestion_gcs_dag_v02
AIRFLOW_CTX_TASK_ID=format_to_parquet_task
AIRFLOW_CTX_EXECUTION_DATE=2019-03-02T05:00:00+00:00
AIRFLOW_CTX_DAG_RUN_ID=scheduled__2019-03-02T05:00:00+00:00
[2022-02-03 06:43:41,074] {python.py:175} INFO - Done. Returned value was: None
[2022-02-03 06:43:41,129] {taskinstance.py:1277} INFO - Marking task as SUCCESS. dag_id=data_ingestion_gcs_dag_v02, task_id=format_to_parquet_task, execution_date=20190302T050000, start_date=20220203T064031, end_date=20220203T064341
[2022-02-03 06:43:41,523] {local_task_job.py:154} INFO - Task exited with return code 0
[2022-02-03 06:43:41,606] {local_task_job.py:264} INFO - 1 downstream tasks scheduled from follow-on schedule check
