[2022-02-03 06:39:53,577] {taskinstance.py:1032} INFO - Dependencies all met for <TaskInstance: data_ingestion_gcs_dag_v02.download_dataset_task scheduled__2019-03-02T05:00:00+00:00 [queued]>
[2022-02-03 06:39:53,616] {taskinstance.py:1032} INFO - Dependencies all met for <TaskInstance: data_ingestion_gcs_dag_v02.download_dataset_task scheduled__2019-03-02T05:00:00+00:00 [queued]>
[2022-02-03 06:39:53,616] {taskinstance.py:1238} INFO - 
--------------------------------------------------------------------------------
[2022-02-03 06:39:53,616] {taskinstance.py:1239} INFO - Starting attempt 1 of 2
[2022-02-03 06:39:53,616] {taskinstance.py:1240} INFO - 
--------------------------------------------------------------------------------
[2022-02-03 06:39:53,655] {taskinstance.py:1259} INFO - Executing <Task(BashOperator): download_dataset_task> on 2019-03-02 05:00:00+00:00
[2022-02-03 06:39:53,664] {standard_task_runner.py:52} INFO - Started process 224533 to run task
[2022-02-03 06:39:53,677] {standard_task_runner.py:76} INFO - Running: ['***', 'tasks', 'run', 'data_ingestion_gcs_dag_v02', 'download_dataset_task', 'scheduled__2019-03-02T05:00:00+00:00', '--job-id', '10', '--raw', '--subdir', 'DAGS_FOLDER/dags_new/trips.py', '--cfg-path', '/tmp/tmp_9h3ilfh', '--error-file', '/tmp/tmpmrui1hd5']
[2022-02-03 06:39:53,687] {standard_task_runner.py:77} INFO - Job 10: Subtask download_dataset_task
[2022-02-03 06:39:53,846] {logging_mixin.py:109} INFO - Running <TaskInstance: data_ingestion_gcs_dag_v02.download_dataset_task scheduled__2019-03-02T05:00:00+00:00 [running]> on host 06e89db705ad
[2022-02-03 06:39:54,034] {taskinstance.py:1426} INFO - Exporting the following env vars:
AIRFLOW_CTX_DAG_OWNER=***
AIRFLOW_CTX_DAG_ID=data_ingestion_gcs_dag_v02
AIRFLOW_CTX_TASK_ID=download_dataset_task
AIRFLOW_CTX_EXECUTION_DATE=2019-03-02T05:00:00+00:00
AIRFLOW_CTX_DAG_RUN_ID=scheduled__2019-03-02T05:00:00+00:00
[2022-02-03 06:39:54,036] {subprocess.py:62} INFO - Tmp dir root location: 
 /tmp
[2022-02-03 06:39:54,037] {subprocess.py:74} INFO - Running command: ['bash', '-c', 'curl -sSLf https://s3.amazonaws.com/nyc-tlc/trip+data/yellow_tripdata_2019-03.csv > /opt/***/yellow_tripdata_2019-03.csv']
[2022-02-03 06:39:54,087] {subprocess.py:85} INFO - Output:
[2022-02-03 06:40:27,106] {subprocess.py:93} INFO - Command exited with return code 0
[2022-02-03 06:40:27,529] {taskinstance.py:1277} INFO - Marking task as SUCCESS. dag_id=data_ingestion_gcs_dag_v02, task_id=download_dataset_task, execution_date=20190302T050000, start_date=20220203T063953, end_date=20220203T064027
[2022-02-03 06:40:27,708] {local_task_job.py:154} INFO - Task exited with return code 0
[2022-02-03 06:40:29,583] {local_task_job.py:264} INFO - 1 downstream tasks scheduled from follow-on schedule check
